# JRE version: Java(TM) SE Runtime Environment (8.0_181-b13) (build 1.8.0_181-b13)
# Java VM: Java HotSpot(TM) 64-Bit Server VM (25.181-b13 mixed mode windows-amd64 compressed oops)
Heap:
 PSYoungGen      total 277504K, used 22025K [0x00000000d5f80000, 0x00000000eed80000, 0x0000000100000000)
  eden space 263168K, 8% used [0x00000000d5f80000,0x00000000d75024e0,0x00000000e6080000)
  from space 14336K, 0% used [0x00000000edf80000,0x00000000edf80000,0x00000000eed80000)
  to   space 11264K, 0% used [0x00000000e6080000,0x00000000e6080000,0x00000000e6b80000)
 ParOldGen       total 56832K, used 18644K [0x0000000081e00000, 0x0000000085580000, 0x00000000d5f80000)
  object space 56832K, 32% used [0x0000000081e00000,0x0000000083035360,0x0000000085580000)
 Metaspace       used 35152K, capacity 37270K, committed 37504K, reserved 1083392K
  class space    used 4752K, capacity 5144K, committed 5248K, reserved 1048576K
GC Heap History (10 events):
Event: 5.977 GC heap before
{Heap before GC invocations=6 (full 1):
 PSYoungGen      total 138240K, used 5098K [0x00000000d5f80000, 0x00000000e7a80000, 0x0000000100000000)
  eden space 133120K, 0% used [0x00000000d5f80000,0x00000000d5f80000,0x00000000de180000)
  from space 5120K, 99% used [0x00000000de180000,0x00000000de67a9c8,0x00000000de680000)
  to   space 11776K, 0% used [0x00000000e6f00000,0x00000000e6f00000,0x00000000e7a80000)
 ParOldGen       total 87552K, used 11756K [0x0000000081e00000, 0x0000000087380000, 0x00000000d5f80000)
  object space 87552K, 13% used [0x0000000081e00000,0x000000008297b318,0x0000000087380000)
 Metaspace       used 20236K, capacity 21166K, committed 21296K, reserved 1067008K
  class space    used 2742K, capacity 2934K, committed 2944K, reserved 1048576K
Event: 6.021 GC heap after
Heap after GC invocations=6 (full 1):
 PSYoungGen      total 138240K, used 0K [0x00000000d5f80000, 0x00000000e7a80000, 0x0000000100000000)
  eden space 133120K, 0% used [0x00000000d5f80000,0x00000000d5f80000,0x00000000de180000)
  from space 5120K, 0% used [0x00000000de180000,0x00000000de180000,0x00000000de680000)
  to   space 11776K, 0% used [0x00000000e6f00000,0x00000000e6f00000,0x00000000e7a80000)
 ParOldGen       total 56832K, used 8780K [0x0000000081e00000, 0x0000000085580000, 0x00000000d5f80000)
  object space 56832K, 15% used [0x0000000081e00000,0x00000000826931c8,0x0000000085580000)
 Metaspace       used 20236K, capacity 21166K, committed 21296K, reserved 1067008K
  class space    used 2742K, capacity 2934K, committed 2944K, reserved 1048576K
}
Event: 8.822 GC heap before
{Heap before GC invocations=7 (full 1):
 PSYoungGen      total 138240K, used 133120K [0x00000000d5f80000, 0x00000000e7a80000, 0x0000000100000000)
  eden space 133120K, 100% used [0x00000000d5f80000,0x00000000de180000,0x00000000de180000)
  from space 5120K, 0% used [0x00000000de180000,0x00000000de180000,0x00000000de680000)
  to   space 11776K, 0% used [0x00000000e6f00000,0x00000000e6f00000,0x00000000e7a80000)
 ParOldGen       total 56832K, used 8780K [0x0000000081e00000, 0x0000000085580000, 0x00000000d5f80000)
  object space 56832K, 15% used [0x0000000081e00000,0x00000000826931c8,0x0000000085580000)
 Metaspace       used 24586K, capacity 25626K, committed 25856K, reserved 1071104K
  class space    used 3321K, capacity 3537K, committed 3584K, reserved 1048576K
Event: 8.829 GC heap after
Heap after GC invocations=7 (full 1):
 PSYoungGen      total 233984K, used 7310K [0x00000000d5f80000, 0x00000000e7680000, 0x0000000100000000)
  eden space 226304K, 0% used [0x00000000d5f80000,0x00000000d5f80000,0x00000000e3c80000)
  from space 7680K, 95% used [0x00000000e6f00000,0x00000000e7623b10,0x00000000e7680000)
  to   space 11264K, 0% used [0x00000000e6080000,0x00000000e6080000,0x00000000e6b80000)
 ParOldGen       total 56832K, used 8788K [0x0000000081e00000, 0x0000000085580000, 0x00000000d5f80000)
  object space 56832K, 15% used [0x0000000081e00000,0x00000000826951c8,0x0000000085580000)
 Metaspace       used 24586K, capacity 25626K, committed 25856K, reserved 1071104K
  class space    used 3321K, capacity 3537K, committed 3584K, reserved 1048576K
}
Event: 10.311 GC heap before
{Heap before GC invocations=8 (full 1):
 PSYoungGen      total 233984K, used 233579K [0x00000000d5f80000, 0x00000000e7680000, 0x0000000100000000)
  eden space 226304K, 99% used [0x00000000d5f80000,0x00000000e3c77258,0x00000000e3c80000)
  from space 7680K, 95% used [0x00000000e6f00000,0x00000000e7623b10,0x00000000e7680000)
  to   space 11264K, 0% used [0x00000000e6080000,0x00000000e6080000,0x00000000e6b80000)
 ParOldGen       total 56832K, used 8788K [0x0000000081e00000, 0x0000000085580000, 0x00000000d5f80000)
  object space 56832K, 15% used [0x0000000081e00000,0x00000000826951c8,0x0000000085580000)
 Metaspace       used 32081K, capacity 34026K, committed 34176K, reserved 1079296K
  class space    used 4397K, capacity 4734K, committed 4736K, reserved 1048576K
Event: 10.325 GC heap after
Heap after GC invocations=8 (full 1):
 PSYoungGen      total 274432K, used 11260K [0x00000000d5f80000, 0x00000000eed80000, 0x0000000100000000)
  eden space 263168K, 0% used [0x00000000d5f80000,0x00000000d5f80000,0x00000000e6080000)
  from space 11264K, 99% used [0x00000000e6080000,0x00000000e6b7f190,0x00000000e6b80000)
  to   space 14336K, 0% used [0x00000000edf80000,0x00000000edf80000,0x00000000eed80000)
 ParOldGen       total 56832K, used 11903K [0x0000000081e00000, 0x0000000085580000, 0x00000000d5f80000)
  object space 56832K, 20% used [0x0000000081e00000,0x000000008299fee8,0x0000000085580000)
 Metaspace       used 32081K, capacity 34026K, committed 34176K, reserved 1079296K
  class space    used 4397K, capacity 4734K, committed 4736K, reserved 1048576K
}
Event: 10.819 GC heap before
{Heap before GC invocations=9 (full 1):
 PSYoungGen      total 274432K, used 150321K [0x00000000d5f80000, 0x00000000eed80000, 0x0000000100000000)
  eden space 263168K, 52% used [0x00000000d5f80000,0x00000000de74d3c8,0x00000000e6080000)
  from space 11264K, 99% used [0x00000000e6080000,0x00000000e6b7f190,0x00000000e6b80000)
  to   space 14336K, 0% used [0x00000000edf80000,0x00000000edf80000,0x00000000eed80000)
 ParOldGen       total 56832K, used 11903K [0x0000000081e00000, 0x0000000085580000, 0x00000000d5f80000)
  object space 56832K, 20% used [0x0000000081e00000,0x000000008299fee8,0x0000000085580000)
 Metaspace       used 33452K, capacity 35378K, committed 35456K, reserved 1079296K
  class space    used 4569K, capacity 4944K, committed 4992K, reserved 1048576K
Event: 10.834 GC heap after
Heap after GC invocations=9 (full 1):
 PSYoungGen      total 277504K, used 13106K [0x00000000d5f80000, 0x00000000eed80000, 0x0000000100000000)
  eden space 263168K, 0% used [0x00000000d5f80000,0x00000000d5f80000,0x00000000e6080000)
  from space 14336K, 91% used [0x00000000edf80000,0x00000000eec4c9b0,0x00000000eed80000)
  to   space 11264K, 0% used [0x00000000e6080000,0x00000000e6080000,0x00000000e6b80000)
 ParOldGen       total 56832K, used 11911K [0x0000000081e00000, 0x0000000085580000, 0x00000000d5f80000)
  object space 56832K, 20% used [0x0000000081e00000,0x00000000829a1ee8,0x0000000085580000)
 Metaspace       used 33452K, capacity 35378K, committed 35456K, reserved 1079296K
  class space    used 4569K, capacity 4944K, committed 4992K, reserved 1048576K
}
Event: 10.834 GC heap before
{Heap before GC invocations=10 (full 2):
 PSYoungGen      total 277504K, used 13106K [0x00000000d5f80000, 0x00000000eed80000, 0x0000000100000000)
  eden space 263168K, 0% used [0x00000000d5f80000,0x00000000d5f80000,0x00000000e6080000)
  from space 14336K, 91% used [0x00000000edf80000,0x00000000eec4c9b0,0x00000000eed80000)
  to   space 11264K, 0% used [0x00000000e6080000,0x00000000e6080000,0x00000000e6b80000)
 ParOldGen       total 56832K, used 11911K [0x0000000081e00000, 0x0000000085580000, 0x00000000d5f80000)
  object space 56832K, 20% used [0x0000000081e00000,0x00000000829a1ee8,0x0000000085580000)
 Metaspace       used 33452K, capacity 35378K, committed 35456K, reserved 1079296K
  class space    used 4569K, capacity 4944K, committed 4992K, reserved 1048576K
Event: 10.926 GC heap after
Heap after GC invocations=10 (full 2):
 PSYoungGen      total 277504K, used 0K [0x00000000d5f80000, 0x00000000eed80000, 0x0000000100000000)
  eden space 263168K, 0% used [0x00000000d5f80000,0x00000000d5f80000,0x00000000e6080000)
  from space 14336K, 0% used [0x00000000edf80000,0x00000000edf80000,0x00000000eed80000)
  to   space 11264K, 0% used [0x00000000e6080000,0x00000000e6080000,0x00000000e6b80000)
 ParOldGen       total 56832K, used 18644K [0x0000000081e00000, 0x0000000085580000, 0x00000000d5f80000)
  object space 56832K, 32% used [0x0000000081e00000,0x0000000083035360,0x0000000085580000)
 Metaspace       used 33452K, capacity 35378K, committed 35456K, reserved 1079296K
  class space    used 4569K, capacity 4944K, committed 4992K, reserved 1048576K
}

